<?xml version="1.0" encoding="UTF-8"?>
<!-- Generated by org.testng.reporters.JUnitXMLReporter -->
<testsuite ignored="0" hostname="LAPTOP-3LDCRNSQ" failures="0" tests="3" name="Test" time="56.007" errors="0" timestamp="2023-07-05T10:08:30 IST">
  <testcase classname="testscripts.Tc02_Test" name="goToHomePage" time="5.828"/>
  <testcase classname="testscripts.Tc03_Test" name="createContact" time="11.891"/>
  <testcase classname="testscripts.Tc01_Test" name="loginToApplication" time="0.008"/>
</testsuite> <!-- Test -->
